<?xml version="1.0" encoding="UTF-8"?>
<!-- Generated by org.testng.reporters.JUnitXMLReporter -->
<testsuite ignored="1" hostname="LIN34003062" failures="2" tests="14" name="Personal loan" time="0.163" errors="0" timestamp="2021-08-16T12:37:01 IST">
  <testcase classname="TestNGPackage.AssertionsDemo" name="test1" time="0.013">
    <failure type="java.lang.AssertionError" message="expected [false] but found [true]">
      <![CDATA[java.lang.AssertionError: expected [false] but found [true]
at TestNGPackage.AssertionsDemo.test1(AssertionsDemo.java:25)
at java.base/java.util.ArrayList.forEach(ArrayList.java:1540)
... Removed 33 stack frames]]>
    </failure>
  </testcase> <!-- test1 -->
  <testcase classname="TestNGPackage.firstTestNGclass" name="test1" time="0.002"/>
  <testcase classname="TestNGPackage.firstTestNGclass" name="test2" time="0.002"/>
  <testcase classname="TestNGPackage.FourthTestNGclass2" name="WebHomelon" time="0.0">
    <failure type="org.testng.TestNGException" message="
Parameter &amp;apos;URL&amp;apos; is required by @Test on method WebHomelon but has not been marked @Optional or defined
in C:\Users\shmounik.CORP\Selenium\eclipse-WorkSpace\TestNGDemo\PackagelevelExecution.xml">
      <![CDATA[org.testng.TestNGException: 
Parameter 'URL' is required by @Test on method WebHomelon but has not been marked @Optional or defined
in C:\Users\shmounik.CORP\Selenium\eclipse-WorkSpace\TestNGDemo\PackagelevelExecution.xml
at java.base/java.util.ArrayList.forEach(ArrayList.java:1540)
... Removed 26 stack frames]]>
    </failure>
  </testcase> <!-- WebHomelon -->
  <testcase classname="TestNGPackage.FourthTestNGclass2" name="datademo" time="0.005"/>
  <testcase classname="TestNGPackage.FourthTestNGclass2" name="datademo" time="0.006"/>
  <testcase classname="TestNGPackage.FourthTestNGclass2" name="datademo" time="0.002"/>
  <testcase classname="TestNGPackage.FourthTestNGclass2" name="mobilehomeloan" time="0.001"/>
  <testcase classname="TestNGPackage.FourthTestNGclass2" name="mobilehomeloan1" time="0.003"/>
  <testcase classname="TestNGPackage.FourthTestNGclass2" name="mobilehomeloan2" time="0.003"/>
  <testcase classname="TestNGPackage.FourthTestNGclass2" name="mobilehomeloan3" time="0.002"/>
  <testcase classname="TestNGPackage.SecondTestNGclass" name="test4" time="0.003"/>
  <testcase classname="TestNGPackage.ThirdTestNGclass" name="Webcarlon" time="0.013"/>
  <testcase classname="TestNGPackage.ThirdTestNGclass" name="mobilecarloan" time="0.002"/>
  <testcase classname="TestNGPackage.SecondTestNGclass" name="test3" time="0.0">
    <ignored/>
  </testcase> <!-- test3 -->
</testsuite> <!-- Personal loan -->
